<?xml version="1.0" encoding="UTF-8"?>
<robot generated="20180715 15:44:22.565" generator="Robot 3.0.3 (Python 2.7.10 on darwin)">
<suite source="/Users/whinstondj/Desktop/Arrays y Loops/trucosElementos.robot" id="s1" name="trucosElementos">
<test id="s1-t1" name="001 Ir al blog de Winston Castillo">
<kw name="Open Homepage" library="recursos">
<kw name="Open Browser">
<arguments>
<arg>${homePage}</arg>
<arg>${browser}</arg>
</arguments>
<msg timestamp="20180715 15:44:22.848" level="FAIL">No keyword with name 'Open Browser' found.</msg>
<status status="FAIL" endtime="20180715 15:44:22.848" starttime="20180715 15:44:22.848"></status>
</kw>
<status status="FAIL" endtime="20180715 15:44:22.849" starttime="20180715 15:44:22.843"></status>
</kw>
<status status="FAIL" endtime="20180715 15:44:22.849" critical="yes" starttime="20180715 15:44:22.841">No keyword with name 'Open Browser' found.</status>
</test>
<test id="s1-t2" name="002 Abrir Ventana Modal">
<kw name="Open Homepage" library="recursos">
<kw name="Open Browser">
<arguments>
<arg>${homePage}</arg>
<arg>${browser}</arg>
</arguments>
<msg timestamp="20180715 15:44:22.854" level="FAIL">No keyword with name 'Open Browser' found.</msg>
<status status="FAIL" endtime="20180715 15:44:22.854" starttime="20180715 15:44:22.854"></status>
</kw>
<status status="FAIL" endtime="20180715 15:44:22.854" starttime="20180715 15:44:22.850"></status>
</kw>
<tags>
<tag>TestError</tag>
<tag>TestFuncional</tag>
<tag>XpathNuevo</tag>
</tags>
<status status="FAIL" endtime="20180715 15:44:22.855" critical="yes" starttime="20180715 15:44:22.849">No keyword with name 'Open Browser' found.</status>
</test>
<status status="FAIL" endtime="20180715 15:44:22.855" starttime="20180715 15:44:22.585"></status>
</suite>
<statistics>
<total>
<stat fail="2" pass="0">Critical Tests</stat>
<stat fail="2" pass="0">All Tests</stat>
</total>
<tag>
<stat fail="1" pass="0">TestError</stat>
<stat fail="1" pass="0">TestFuncional</stat>
<stat fail="1" pass="0">XpathNuevo</stat>
</tag>
<suite>
<stat fail="2" id="s1" name="trucosElementos" pass="0">trucosElementos</stat>
</suite>
</statistics>
<errors>
<msg timestamp="20180715 15:44:22.787" level="ERROR">Error in file '/Users/whinstondj/Desktop/Arrays y Loops/trucosElementos.robot': Importing test library 'seleniumlibrary' failed: ImportError: No module named seleniumlibrary
Traceback (most recent call last):
  None
PYTHONPATH:
  /usr/local/bin
  /System/Library/Frameworks/Python.framework/Versions/2.7/lib/python27.zip
  /System/Library/Frameworks/Python.framework/Versions/2.7/lib/python2.7
  /System/Library/Frameworks/Python.framework/Versions/2.7/lib/python2.7/plat-darwin
  /System/Library/Frameworks/Python.framework/Versions/2.7/lib/python2.7/plat-mac
  /System/Library/Frameworks/Python.framework/Versions/2.7/lib/python2.7/plat-mac/lib-scriptpackages
  /System/Library/Frameworks/Python.framework/Versions/2.7/lib/python2.7/lib-tk
  /System/Library/Frameworks/Python.framework/Versions/2.7/lib/python2.7/lib-old
  /System/Library/Frameworks/Python.framework/Versions/2.7/lib/python2.7/lib-dynload
  /Library/Python/2.7/site-packages
  /System/Library/Frameworks/Python.framework/Versions/2.7/Extras/lib/python
  /System/Library/Frameworks/Python.framework/Versions/2.7/Extras/lib/python/PyObjC</msg>
</errors>
</robot>
